2014-12-02 19:35:14	: SELECT * FROM config_tbl
2014-12-02 20:00:04	: SELECT * FROM config_tbl
2014-12-02 20:40:19	: SELECT * FROM config_tbl
2014-12-03 17:39:11	: SELECT * FROM config_tbl
2014-12-03 17:39:12	: SELECT * FROM modules_tbl
2014-12-03 17:42:47	: SELECT * FROM config_tbl
2014-12-03 17:42:47	: SELECT * FROM modules_tbl
2014-12-03 17:42:47	: load module: 
2014-12-03 17:42:50	: SELECT * FROM config_tbl
2014-12-03 17:42:50	: SELECT * FROM modules_tbl
2014-12-03 17:42:50	: load module: 
2014-12-03 17:43:14	: SELECT * FROM config_tbl
2014-12-03 17:43:14	: SELECT * FROM modules_tbl
2014-12-03 17:43:14	: load module: test
2014-12-03 17:43:50	: SELECT * FROM config_tbl
2014-12-03 17:43:50	: SELECT * FROM modules_tbl
2014-12-03 17:43:50	: load module: test
2014-12-03 17:45:56	: SELECT * FROM config_tbl
2014-12-03 17:45:56	: SELECT * FROM modules_tbl
2014-12-03 17:45:56	: load module: test
2014-12-03 17:45:56	: module test is loaded
2014-12-03 17:45:59	: SELECT * FROM config_tbl
2014-12-03 17:45:59	: SELECT * FROM modules_tbl
2014-12-03 17:45:59	: load module: test
2014-12-03 17:45:59	: module test is loaded
2014-12-03 17:47:13	: SELECT * FROM config_tbl
2014-12-03 17:47:13	: SELECT * FROM modules_tbl
2014-12-03 17:47:13	: load module: test
2014-12-03 17:47:13	: module test is loaded
2014-12-03 17:48:19	: SELECT * FROM config_tbl
2014-12-03 17:48:19	: SELECT * FROM modules_tbl
2014-12-03 17:48:19	: load module: test
2014-12-03 17:48:19	: module test is loaded
2014-12-03 17:48:34	: SELECT * FROM config_tbl
2014-12-03 17:48:34	: SELECT * FROM modules_tbl
2014-12-03 17:48:34	: load module: test
2014-12-03 17:48:34	: module test is loaded
2014-12-03 17:48:42	: SELECT * FROM config_tbl
2014-12-03 17:48:42	: SELECT * FROM modules_tbl
2014-12-03 17:48:42	: load module: test
2014-12-03 17:48:42	: module test is loaded
2014-12-03 17:49:45	: SELECT * FROM config_tbl
2014-12-03 17:49:45	: SELECT * FROM modules_tbl
2014-12-03 17:49:45	: load module: test
2014-12-03 17:49:45	: module test is loaded
2014-12-03 17:50:40	: SELECT * FROM config_tbl
2014-12-03 17:50:40	: SELECT * FROM modules_tbl
2014-12-03 17:50:40	: load module: test
2014-12-03 17:50:40	: module test is loaded
2014-12-03 17:51:14	: SELECT * FROM config_tbl
2014-12-03 17:51:14	: SELECT * FROM modules_tbl
2014-12-03 17:51:14	: load module: test
2014-12-03 17:51:14	: module test is loaded
2014-12-03 17:52:48	: SELECT * FROM config_tbl
2014-12-03 17:52:48	: SELECT * FROM modules_tbl
2014-12-03 17:52:48	: load module: test
2014-12-03 17:52:48	: module test is loaded
2014-12-03 17:53:23	: SELECT * FROM config_tbl
2014-12-03 17:53:23	: SELECT * FROM modules_tbl
2014-12-03 17:53:23	: load module: test
2014-12-03 17:53:23	: module test is loaded
2014-12-03 17:54:11	: SELECT * FROM config_tbl
2014-12-03 17:54:11	: SELECT * FROM modules_tbl
2014-12-03 17:54:11	: load module: test
2014-12-03 17:54:11	: module test is loaded
2014-12-03 17:55:25	: SELECT * FROM config_tbl
2014-12-03 17:55:25	: SELECT * FROM modules_tbl
2014-12-03 17:55:25	: load module: test
2014-12-03 17:55:25	: module test is loaded
2014-12-03 17:55:27	: SELECT * FROM config_tbl
2014-12-03 17:55:27	: SELECT * FROM modules_tbl
2014-12-03 17:55:27	: load module: test
2014-12-03 17:55:27	: module test is loaded
2014-12-03 18:00:42	: SELECT * FROM config_tbl
2014-12-03 18:00:42	: SELECT * FROM modules_tbl
2014-12-03 18:00:42	: load module: test
2014-12-03 18:00:42	: module test is loaded
2014-12-03 18:06:31	: SELECT * FROM config_tbl
2014-12-03 18:06:31	: SELECT * FROM modules_tbl
2014-12-03 18:06:31	: load module: test
2014-12-03 18:06:31	: module test is loaded
2014-12-03 18:06:52	: SELECT * FROM config_tbl
2014-12-03 18:06:52	: SELECT * FROM modules_tbl
2014-12-03 18:06:52	: load module: test
2014-12-03 18:06:52	: module test is loaded
2014-12-03 18:07:07	: SELECT * FROM config_tbl
2014-12-03 18:07:07	: SELECT * FROM modules_tbl
2014-12-03 18:07:07	: load module: test
2014-12-03 18:07:07	: module test is loaded
2014-12-03 18:07:25	: SELECT * FROM config_tbl
2014-12-03 18:07:25	: SELECT * FROM modules_tbl
2014-12-03 18:07:25	: load module: test
2014-12-03 18:07:25	: module test is loaded
2014-12-03 18:08:51	: SELECT * FROM config_tbl
2014-12-03 18:08:51	: SELECT * FROM modules_tbl
2014-12-03 18:08:51	: load module: test
2014-12-03 18:08:51	: module test is loaded
2014-12-03 18:09:13	: SELECT * FROM config_tbl
2014-12-03 18:09:13	: SELECT * FROM modules_tbl
2014-12-03 18:09:13	: load module: test
2014-12-03 18:09:13	: module test is loaded
2014-12-03 18:10:39	: SELECT * FROM config_tbl
2014-12-03 18:10:39	: SELECT * FROM modules_tbl
2014-12-03 18:10:39	: load module: test
2014-12-03 18:10:39	: module test is loaded
2014-12-03 18:12:40	: SELECT * FROM config_tbl
2014-12-03 18:12:40	: SELECT * FROM modules_tbl
2014-12-03 18:12:40	: load module: test
2014-12-03 18:12:40	: module test is loaded
2014-12-03 18:13:26	: SELECT * FROM config_tbl
2014-12-03 18:13:26	: SELECT * FROM modules_tbl
2014-12-03 18:13:26	: load module: test
2014-12-03 18:13:26	: module test is loaded
2014-12-03 18:13:28	: SELECT * FROM config_tbl
2014-12-03 18:13:28	: SELECT * FROM modules_tbl
2014-12-03 18:13:28	: load module: test
2014-12-03 18:13:28	: module test is loaded
2014-12-03 18:43:07	: SELECT * FROM config_tbl
2014-12-03 18:43:07	: SELECT * FROM modules_tbl
2014-12-03 18:43:07	: load module: test
2014-12-03 18:43:07	: module test is loaded
2014-12-03 18:43:08	: SELECT * FROM config_tbl
2014-12-03 18:43:08	: SELECT * FROM modules_tbl
2014-12-03 18:43:08	: load module: test
2014-12-03 18:43:08	: module test is loaded
2014-12-03 18:43:15	: SELECT * FROM config_tbl
2014-12-03 18:43:15	: SELECT * FROM modules_tbl
2014-12-03 18:43:15	: load module: test
2014-12-03 18:43:15	: module test is loaded
2014-12-03 18:44:48	: SELECT * FROM config_tbl
2014-12-03 18:44:48	: SELECT * FROM modules_tbl
2014-12-03 18:44:48	: load module: test
2014-12-03 18:44:48	: module test is loaded
2014-12-03 18:44:59	: SELECT * FROM config_tbl
2014-12-03 18:44:59	: SELECT * FROM modules_tbl
2014-12-03 18:44:59	: load module: test
2014-12-03 18:44:59	: module test is loaded
2014-12-03 18:44:59	: SELECT * FROM config_tbl
2014-12-03 18:44:59	: SELECT * FROM modules_tbl
2014-12-03 18:44:59	: load module: test
2014-12-03 18:44:59	: module test is loaded
2014-12-03 18:47:19	: SELECT * FROM config_tbl
2014-12-03 18:47:19	: SELECT * FROM modules_tbl
2014-12-03 18:47:19	: load module: test
2014-12-03 18:47:19	: module test is loaded
2014-12-03 18:47:20	: SELECT * FROM config_tbl
2014-12-03 18:47:20	: SELECT * FROM modules_tbl
2014-12-03 18:47:20	: load module: test
2014-12-03 18:47:20	: module test is loaded
2014-12-03 18:47:22	: SELECT * FROM config_tbl
2014-12-03 18:47:22	: SELECT * FROM modules_tbl
2014-12-03 18:47:22	: load module: test
2014-12-03 18:47:22	: module test is loaded
2014-12-03 18:48:01	: SELECT * FROM config_tbl
2014-12-03 18:48:01	: SELECT * FROM modules_tbl
2014-12-03 18:48:01	: load module: test
2014-12-03 18:48:01	: module test is loaded
2014-12-03 18:48:02	: SELECT * FROM config_tbl
2014-12-03 18:48:02	: SELECT * FROM modules_tbl
2014-12-03 18:48:02	: load module: test
2014-12-03 18:48:02	: module test is loaded
2014-12-03 18:48:02	: SELECT * FROM config_tbl
2014-12-03 18:48:02	: SELECT * FROM modules_tbl
2014-12-03 18:48:02	: load module: test
2014-12-03 18:48:02	: module test is loaded
2014-12-03 18:48:03	: SELECT * FROM config_tbl
2014-12-03 18:48:03	: SELECT * FROM modules_tbl
2014-12-03 18:48:03	: load module: test
2014-12-03 18:48:03	: module test is loaded
2014-12-03 18:48:03	: SELECT * FROM config_tbl
2014-12-03 18:48:03	: SELECT * FROM modules_tbl
2014-12-03 18:48:03	: load module: test
2014-12-03 18:48:03	: module test is loaded
2014-12-03 18:48:04	: SELECT * FROM config_tbl
2014-12-03 18:48:04	: SELECT * FROM modules_tbl
2014-12-03 18:48:04	: load module: test
2014-12-03 18:48:04	: module test is loaded
2014-12-03 18:48:25	: SELECT * FROM config_tbl
2014-12-03 18:48:25	: SELECT * FROM modules_tbl
2014-12-03 18:48:25	: load module: test
2014-12-03 18:48:25	: module test is loaded
2014-12-03 18:48:26	: SELECT * FROM config_tbl
2014-12-03 18:48:26	: SELECT * FROM modules_tbl
2014-12-03 18:48:26	: load module: test
2014-12-03 18:48:26	: module test is loaded
2014-12-03 18:48:57	: SELECT * FROM config_tbl
2014-12-03 18:48:57	: SELECT * FROM modules_tbl
2014-12-03 18:48:57	: load module: test
2014-12-03 18:48:57	: module test is loaded
2014-12-03 18:49:20	: SELECT * FROM config_tbl
2014-12-03 18:49:20	: SELECT * FROM modules_tbl
2014-12-03 18:49:20	: load module: test
2014-12-03 18:49:20	: module test is loaded
2014-12-04 04:50:30	: SELECT * FROM config_tbl
2014-12-04 04:50:30	: SELECT * FROM modules_tbl
2014-12-04 04:50:30	: load module: test
2014-12-04 04:50:30	: module test is loaded
2014-12-04 04:52:38	: SELECT * FROM config_tbl
2014-12-04 04:52:38	: SELECT * FROM modules_tbl
2014-12-04 04:52:38	: load module: test
2014-12-04 04:52:38	: module test is loaded
2014-12-04 04:52:40	: SELECT * FROM config_tbl
2014-12-04 04:52:40	: SELECT * FROM modules_tbl
2014-12-04 04:52:40	: load module: test
2014-12-04 04:52:40	: module test is loaded
2014-12-04 04:52:40	: SELECT * FROM config_tbl
2014-12-04 04:52:40	: SELECT * FROM modules_tbl
2014-12-04 04:52:40	: load module: test
2014-12-04 04:52:40	: module test is loaded
2014-12-04 04:52:41	: SELECT * FROM config_tbl
2014-12-04 04:52:41	: SELECT * FROM modules_tbl
2014-12-04 04:52:41	: load module: test
2014-12-04 04:52:41	: module test is loaded
2014-12-04 04:56:43	: SELECT * FROM config_tbl
2014-12-04 04:56:43	: SELECT * FROM modules_tbl
2014-12-04 04:56:43	: load module: test
2014-12-04 04:56:43	: module test is loaded
2014-12-04 09:50:44	: SELECT * FROM config_tbl
2014-12-04 09:50:44	: SELECT * FROM modules_tbl
2014-12-04 09:50:44	: load module: test
2014-12-04 09:50:44	: module test is loaded
2014-12-04 14:05:34	: SELECT * FROM config_tbl
2014-12-04 14:05:34	: SELECT * FROM modules_tbl
2014-12-04 14:05:34	: load module: test
2014-12-04 14:05:34	: module test is loaded
2014-12-04 14:07:15	: SELECT * FROM config_tbl
2014-12-04 14:07:15	: SELECT * FROM modules_tbl
2014-12-04 14:07:15	: load module: test
2014-12-04 14:07:15	: module test is loaded
2014-12-04 15:29:27	: SELECT * FROM config_tbl
2014-12-04 15:29:27	: SELECT * FROM modules_tbl
2014-12-04 15:29:27	: load module: test
2014-12-04 15:29:27	: module test is loaded
2014-12-04 15:29:58	: SELECT * FROM config_tbl
2014-12-04 15:29:58	: SELECT * FROM modules_tbl
2014-12-04 15:29:58	: load module: test
2014-12-04 15:29:58	: module test is loaded
2014-12-05 10:17:23	: SELECT * FROM config_tbl
2014-12-05 10:17:23	: SELECT * FROM modules_tbl
2014-12-05 10:17:23	: load module: test
2014-12-05 10:17:23	: module test is loaded
2014-12-05 10:17:23	: load module: users
2014-12-05 10:17:23	: module users is loaded
2014-12-05 10:18:04	: SELECT * FROM config_tbl
2014-12-05 10:18:04	: SELECT * FROM modules_tbl
2014-12-05 10:18:04	: load module: test
2014-12-05 10:18:04	: module test is loaded
2014-12-05 10:18:04	: load module: users
2014-12-05 10:18:04	: module users is loaded
2014-12-05 10:18:08	: SELECT * FROM config_tbl
2014-12-05 10:18:08	: SELECT * FROM modules_tbl
2014-12-05 10:18:08	: load module: test
2014-12-05 10:18:08	: module test is loaded
2014-12-05 10:18:08	: load module: users
2014-12-05 10:18:08	: module users is loaded
2014-12-05 10:20:21	: SELECT * FROM config_tbl
2014-12-05 10:20:21	: SELECT * FROM modules_tbl
2014-12-05 10:20:21	: load module: test
2014-12-05 10:20:21	: module test is loaded
2014-12-05 10:20:21	: load module: users
2014-12-05 10:20:21	: module users is loaded
2014-12-05 10:34:07	: SELECT * FROM config_tbl
2014-12-05 10:34:07	: SELECT * FROM modules_tbl
2014-12-05 10:34:07	: load module: test
2014-12-05 10:34:07	: module test is loaded
2014-12-05 10:34:07	: load module: users
2014-12-05 10:34:07	: module users is loaded
2014-12-05 10:52:07	: SELECT * FROM config_tbl
2014-12-05 10:52:07	: SELECT * FROM modules_tbl
2014-12-05 10:52:07	: load module: test
2014-12-05 10:52:07	: module test is loaded
2014-12-05 10:52:07	: load module: users
2014-12-05 10:52:07	: module users is loaded
2014-12-05 10:52:46	: SELECT * FROM config_tbl
2014-12-05 10:52:46	: SELECT * FROM modules_tbl
2014-12-05 10:52:46	: load module: test
2014-12-05 10:52:46	: module test is loaded
2014-12-05 10:52:46	: load module: users
2014-12-05 10:52:46	: module users is loaded
2014-12-05 11:57:50	: SELECT * FROM config_tbl
2014-12-05 11:57:50	: SELECT * FROM modules_tbl
2014-12-05 11:57:50	: load module: test
2014-12-05 11:57:50	: module test is loaded
2014-12-05 11:57:50	: load module: users
2014-12-05 11:57:50	: module users is loaded
2014-12-05 11:58:42	: SELECT * FROM config_tbl
2014-12-05 11:58:42	: SELECT * FROM modules_tbl
2014-12-05 11:58:42	: load module: test
2014-12-05 11:58:42	: module test is loaded
2014-12-05 11:58:42	: load module: users
2014-12-05 11:58:42	: module users is loaded
2014-12-05 11:58:42	: SELECT * FROM config_tbl
2014-12-05 11:58:42	: SELECT * FROM modules_tbl
2014-12-05 11:58:42	: load module: test
2014-12-05 11:58:42	: module test is loaded
2014-12-05 11:58:42	: load module: users
2014-12-05 11:58:42	: module users is loaded
2014-12-05 11:59:33	: SELECT * FROM config_tbl
2014-12-05 11:59:33	: SELECT * FROM modules_tbl
2014-12-05 11:59:33	: load module: test
2014-12-05 11:59:33	: module test is loaded
2014-12-05 11:59:33	: load module: users
2014-12-05 11:59:33	: module users is loaded
2014-12-05 11:59:55	: SELECT * FROM config_tbl
2014-12-05 11:59:55	: SELECT * FROM modules_tbl
2014-12-05 11:59:56	: load module: test
2014-12-05 11:59:56	: module test is loaded
2014-12-05 11:59:56	: load module: users
2014-12-05 11:59:56	: module users is loaded
2014-12-05 11:59:56	: SELECT * FROM config_tbl
2014-12-05 11:59:56	: SELECT * FROM modules_tbl
2014-12-05 11:59:56	: load module: test
2014-12-05 11:59:56	: module test is loaded
2014-12-05 11:59:56	: load module: users
2014-12-05 11:59:56	: module users is loaded
2014-12-05 12:00:43	: SELECT * FROM config_tbl
2014-12-05 12:00:43	: SELECT * FROM modules_tbl
2014-12-05 12:00:43	: load module: test
2014-12-05 12:00:43	: module test is loaded
2014-12-05 12:00:43	: load module: users
2014-12-05 12:00:43	: module users is loaded
2014-12-05 12:00:43	: SELECT * FROM config_tbl
2014-12-05 12:00:43	: SELECT * FROM modules_tbl
2014-12-05 12:00:43	: load module: test
2014-12-05 12:00:43	: module test is loaded
2014-12-05 12:00:43	: load module: users
2014-12-05 12:00:43	: module users is loaded
2014-12-05 12:02:18	: SELECT * FROM config_tbl
2014-12-05 12:02:18	: SELECT * FROM modules_tbl
2014-12-05 12:02:18	: load module: test
2014-12-05 12:02:18	: module test is loaded
2014-12-05 12:02:18	: load module: users
2014-12-05 12:02:18	: module users is loaded
2014-12-05 19:21:26	: SELECT * FROM config_tbl
2014-12-05 19:21:28	: SELECT * FROM modules_tbl
2014-12-05 19:21:28	: load module: test
2014-12-05 19:21:28	: module test is loaded
2014-12-05 19:21:28	: load module: users
2014-12-05 19:21:28	: module users is loaded
2014-12-16 20:09:28	: SELECT * FROM config_tbl
2014-12-16 20:09:28	: SELECT * FROM modules_tbl
2014-12-16 20:09:28	: load module: test
2014-12-16 20:09:28	: module test is loaded
2014-12-16 20:09:28	: load module: users
2014-12-16 20:09:28	: module users is loaded
2014-12-21 19:50:36	: SELECT * FROM config_tbl
2014-12-21 19:52:20	: SELECT * FROM config_tbl
2014-12-21 19:52:20	: SELECT * FROM modules_tbl
2014-12-21 19:52:20	: load module: test
2014-12-21 19:52:20	: module test is loaded
2014-12-21 19:52:20	: load module: users
2014-12-21 19:52:20	: module users is loaded
2014-12-21 19:52:28	: SELECT * FROM config_tbl
2014-12-21 19:52:28	: SELECT * FROM modules_tbl
2014-12-21 19:52:28	: load module: test
2014-12-21 19:52:28	: module test is loaded
2014-12-21 19:52:28	: load module: users
2014-12-21 19:52:28	: module users is loaded
2014-12-21 19:52:40	: SELECT * FROM config_tbl
2014-12-21 19:52:40	: SELECT * FROM modules_tbl
2014-12-21 19:52:40	: load module: test
2014-12-21 19:52:40	: module test is loaded
2014-12-21 19:52:40	: load module: users
2014-12-21 19:52:40	: module users is loaded
2014-12-21 19:52:40	: SELECT * FROM config_tbl
2014-12-21 19:52:40	: SELECT * FROM modules_tbl
2014-12-21 19:52:40	: load module: test
2014-12-21 19:52:40	: module test is loaded
2014-12-21 19:52:40	: load module: users
2014-12-21 19:52:40	: module users is loaded
2014-12-21 19:52:47	: SELECT * FROM config_tbl
2014-12-21 19:52:47	: SELECT * FROM modules_tbl
2014-12-21 19:52:47	: load module: test
2014-12-21 19:52:47	: module test is loaded
2014-12-21 19:52:47	: load module: users
2014-12-21 19:52:47	: module users is loaded
2014-12-21 19:52:47	: SELECT * FROM config_tbl
2014-12-21 19:52:47	: SELECT * FROM modules_tbl
2014-12-21 19:52:47	: load module: test
2014-12-21 19:52:47	: module test is loaded
2014-12-21 19:52:47	: load module: users
2014-12-21 19:52:47	: module users is loaded
2014-12-21 19:52:54	: SELECT * FROM config_tbl
2014-12-21 19:52:54	: SELECT * FROM modules_tbl
2014-12-21 19:52:54	: load module: test
2014-12-21 19:52:54	: module test is loaded
2014-12-21 19:52:54	: load module: users
2014-12-21 19:52:54	: module users is loaded
2014-12-21 19:52:54	: SELECT * FROM config_tbl
2014-12-21 19:52:54	: SELECT * FROM modules_tbl
2014-12-21 19:52:54	: load module: test
2014-12-21 19:52:54	: module test is loaded
2014-12-21 19:52:54	: load module: users
2014-12-21 19:52:54	: module users is loaded
2014-12-21 19:52:57	: SELECT * FROM config_tbl
2014-12-21 19:52:57	: SELECT * FROM modules_tbl
2014-12-21 19:52:57	: load module: test
2014-12-21 19:52:57	: module test is loaded
2014-12-21 19:52:57	: load module: users
2014-12-21 19:52:57	: module users is loaded
2014-12-21 19:52:57	: SELECT * FROM config_tbl
2014-12-21 19:52:57	: SELECT * FROM modules_tbl
2014-12-21 19:52:57	: load module: test
2014-12-21 19:52:57	: module test is loaded
2014-12-21 19:52:57	: load module: users
2014-12-21 19:52:57	: module users is loaded
2014-12-21 20:14:02	: SELECT * FROM config_tbl
2014-12-21 20:14:02	: SELECT * FROM modules_tbl
2014-12-21 20:14:02	: load module: test
2014-12-21 20:14:02	: module test is loaded
2014-12-21 20:14:02	: load module: users
2014-12-21 20:14:02	: module users is loaded
2014-12-21 20:14:02	: SELECT * FROM config_tbl
2014-12-21 20:14:02	: SELECT * FROM modules_tbl
2014-12-21 20:14:02	: load module: test
2014-12-21 20:14:02	: module test is loaded
2014-12-21 20:14:02	: load module: users
2014-12-21 20:14:02	: module users is loaded
2014-12-21 20:14:10	: SELECT * FROM config_tbl
2014-12-21 20:14:10	: SELECT * FROM modules_tbl
2014-12-21 20:14:10	: load module: test
2014-12-21 20:14:10	: module test is loaded
2014-12-21 20:14:10	: load module: users
2014-12-21 20:14:10	: module users is loaded
2014-12-21 20:14:10	: SELECT * FROM config_tbl
2014-12-21 20:14:10	: SELECT * FROM modules_tbl
2014-12-21 20:14:10	: load module: test
2014-12-21 20:14:10	: module test is loaded
2014-12-21 20:14:10	: load module: users
2014-12-21 20:14:10	: module users is loaded
2014-12-21 20:14:15	: SELECT * FROM config_tbl
2014-12-21 20:14:15	: SELECT * FROM modules_tbl
2014-12-21 20:14:15	: load module: test
2014-12-21 20:14:15	: module test is loaded
2014-12-21 20:14:15	: load module: users
2014-12-21 20:14:15	: module users is loaded
2014-12-21 20:14:15	: SELECT * FROM config_tbl
2014-12-21 20:14:15	: SELECT * FROM modules_tbl
2014-12-21 20:14:15	: load module: test
2014-12-21 20:14:15	: module test is loaded
2014-12-21 20:14:15	: load module: users
2014-12-21 20:14:15	: module users is loaded
2014-12-21 20:14:17	: SELECT * FROM config_tbl
2014-12-21 20:14:17	: SELECT * FROM modules_tbl
2014-12-21 20:14:17	: load module: test
2014-12-21 20:14:17	: module test is loaded
2014-12-21 20:14:17	: load module: users
2014-12-21 20:14:17	: module users is loaded
2014-12-21 20:15:33	: SELECT * FROM config_tbl
2014-12-21 20:15:33	: SELECT * FROM modules_tbl
2014-12-21 20:15:33	: load module: test
2014-12-21 20:15:33	: module test is loaded
2014-12-21 20:15:33	: load module: users
2014-12-21 20:15:33	: module users is loaded
2014-12-21 20:15:36	: SELECT * FROM config_tbl
2014-12-21 20:15:36	: SELECT * FROM modules_tbl
2014-12-21 20:15:36	: load module: test
2014-12-21 20:15:36	: module test is loaded
2014-12-21 20:15:36	: load module: users
2014-12-21 20:15:36	: module users is loaded
2014-12-21 20:15:37	: SELECT * FROM config_tbl
2014-12-21 20:15:37	: SELECT * FROM modules_tbl
2014-12-21 20:15:37	: load module: test
2014-12-21 20:15:37	: module test is loaded
2014-12-21 20:15:37	: load module: users
2014-12-21 20:15:37	: module users is loaded
2014-12-21 20:15:37	: SELECT * FROM config_tbl
2014-12-21 20:15:37	: SELECT * FROM modules_tbl
2014-12-21 20:15:37	: load module: test
2014-12-21 20:15:37	: module test is loaded
2014-12-21 20:15:37	: load module: users
2014-12-21 20:15:37	: module users is loaded
2014-12-21 20:15:45	: SELECT * FROM config_tbl
2014-12-21 20:15:45	: SELECT * FROM modules_tbl
2014-12-21 20:15:45	: load module: test
2014-12-21 20:15:45	: module test is loaded
2014-12-21 20:15:45	: load module: users
2014-12-21 20:15:45	: module users is loaded
2014-12-21 20:15:45	: SELECT * FROM config_tbl
2014-12-21 20:15:45	: SELECT * FROM modules_tbl
2014-12-21 20:15:45	: load module: test
2014-12-21 20:15:45	: module test is loaded
2014-12-21 20:15:45	: load module: users
2014-12-21 20:15:45	: module users is loaded
2014-12-22 04:49:15	: SELECT * FROM config_tbl
2014-12-22 04:49:25	: SELECT * FROM modules_tbl
2014-12-22 04:49:25	: load module: test
2014-12-22 04:49:25	: module test is loaded
2014-12-22 04:49:25	: load module: users
2014-12-22 04:49:25	: module users is loaded
2014-12-22 04:50:35	: SELECT * FROM config_tbl
2014-12-22 04:50:35	: SELECT * FROM modules_tbl
2014-12-22 04:50:35	: load module: test
2014-12-22 04:50:35	: module test is loaded
2014-12-22 04:50:35	: load module: users
2014-12-22 04:50:35	: module users is loaded
2014-12-22 04:50:56	: SELECT * FROM config_tbl
2014-12-22 04:50:56	: SELECT * FROM modules_tbl
2014-12-22 04:50:56	: load module: test
2014-12-22 04:50:56	: module test is loaded
2014-12-22 04:50:56	: load module: users
2014-12-22 04:50:56	: module users is loaded
2014-12-22 04:51:12	: SELECT * FROM config_tbl
2014-12-22 04:51:12	: SELECT * FROM modules_tbl
2014-12-22 04:51:12	: load module: test
2014-12-22 04:51:12	: module test is loaded
2014-12-22 04:51:12	: load module: users
2014-12-22 04:51:12	: module users is loaded
2014-12-22 04:57:03	: SELECT * FROM config_tbl
2014-12-22 04:57:04	: SELECT * FROM modules_tbl
2014-12-22 04:57:04	: load module: test
2014-12-22 04:57:04	: module test is loaded
2014-12-22 04:57:04	: load module: users
2014-12-22 04:57:04	: module users is loaded
2014-12-22 04:57:07	: SELECT * FROM config_tbl
2014-12-22 04:57:07	: SELECT * FROM modules_tbl
2014-12-22 04:57:07	: load module: test
2014-12-22 04:57:07	: module test is loaded
2014-12-22 04:57:07	: load module: users
2014-12-22 04:57:07	: module users is loaded
2014-12-22 04:57:31	: SELECT * FROM config_tbl
2014-12-22 04:57:31	: SELECT * FROM modules_tbl
2014-12-22 04:57:31	: load module: test
2014-12-22 04:57:31	: module test is loaded
2014-12-22 04:57:31	: load module: users
2014-12-22 04:57:31	: module users is loaded
2014-12-22 09:51:52	: SELECT * FROM config_tbl
2014-12-22 10:14:45	: SELECT * FROM config_tbl
2014-12-22 10:14:45	: SELECT * FROM modules_tbl
2014-12-22 10:16:00	: SELECT * FROM config_tbl
2014-12-22 10:16:00	: SELECT * FROM modules_tbl
2014-12-22 10:22:42	: SELECT * FROM config_tbl
2014-12-22 10:22:42	: SELECT * FROM modules_tbl
2014-12-22 10:27:16	: SELECT * FROM config_tbl
2014-12-22 10:27:16	: SELECT * FROM modules_tbl
2014-12-22 10:27:16	: load module: users
2014-12-22 10:27:16	: module users is loaded
2014-12-22 10:27:25	: SELECT * FROM config_tbl
2014-12-22 10:27:25	: SELECT * FROM modules_tbl
2014-12-22 10:27:25	: load module: users
2014-12-22 10:27:26	: module users is loaded
2014-12-22 10:29:24	: SELECT * FROM config_tbl
2014-12-22 10:29:24	: SELECT * FROM modules_tbl
2014-12-22 10:29:24	: load module: users
2014-12-22 10:29:24	: module users is loaded
2014-12-22 10:29:49	: SELECT * FROM config_tbl
2014-12-22 10:29:49	: SELECT * FROM modules_tbl
2014-12-22 10:29:49	: load module: users
2014-12-22 10:29:49	: module users is loaded
2014-12-22 10:30:14	: SELECT * FROM config_tbl
2014-12-22 10:30:14	: SELECT * FROM modules_tbl
2014-12-22 10:30:14	: load module: users
2014-12-22 10:30:14	: module users is loaded
2024-03-22 20:52:18	: SELECT * FROM config_tbl
2024-03-22 20:52:18	: SELECT * FROM modules_tbl
2024-03-22 20:52:18	: load module: users
2024-03-22 20:52:18	: module users is loaded
2024-03-22 20:52:19	: SELECT * FROM config_tbl
2024-03-22 20:52:19	: SELECT * FROM modules_tbl
2024-03-22 20:52:19	: load module: users
2024-03-22 20:52:19	: module users is loaded
2024-03-22 20:52:30	: SELECT * FROM config_tbl
2024-03-22 20:52:30	: SELECT * FROM modules_tbl
2024-03-22 20:52:30	: load module: users
2024-03-22 20:52:30	: module users is loaded
2024-03-22 20:52:30	: SELECT * FROM config_tbl
2024-03-22 20:52:30	: SELECT * FROM modules_tbl
2024-03-22 20:52:30	: load module: users
2024-03-22 20:52:30	: module users is loaded
2024-03-22 20:52:35	: SELECT * FROM config_tbl
2024-03-22 20:52:35	: SELECT * FROM modules_tbl
2024-03-22 20:52:35	: load module: users
2024-03-22 20:52:35	: module users is loaded
2024-03-22 20:52:35	: SELECT * FROM config_tbl
2024-03-22 20:52:35	: SELECT * FROM modules_tbl
2024-03-22 20:52:35	: load module: users
2024-03-22 20:52:35	: module users is loaded
